2012-05-03 17:47:18,778 WARN  [main] org.hibernate.engine.jdbc.internal.JdbcServicesImpl - HHH000342: Could not obtain connection to query metadata : Connections could not be acquired from the underlying database!
2012-05-03 17:50:37,093 ERROR [main] org.hibernate.tool.hbm2ddl.SchemaExport - HHH000389: Unsuccessful: alter table FACSIMILES_COLLATIONS drop constraint FKF8639491231B06F
2012-05-03 17:50:37,094 ERROR [main] org.hibernate.tool.hbm2ddl.SchemaExport - user lacks privilege or object not found: PUBLIC.FACSIMILES_COLLATIONS
2012-05-03 17:50:37,099 ERROR [main] org.hibernate.tool.hbm2ddl.SchemaExport - HHH000389: Unsuccessful: alter table FACSIMILES_COLLATIONS drop constraint FKF8639492FC8B5AF
2012-05-03 17:50:37,100 ERROR [main] org.hibernate.tool.hbm2ddl.SchemaExport - user lacks privilege or object not found: PUBLIC.FACSIMILES_COLLATIONS
2012-05-03 17:50:37,105 ERROR [main] org.hibernate.tool.hbm2ddl.SchemaExport - HHH000389: Unsuccessful: alter table FACSIMILES_MS_DESIGNATIONS drop constraint FKFB8799761231B06F
2012-05-03 17:50:37,105 ERROR [main] org.hibernate.tool.hbm2ddl.SchemaExport - user lacks privilege or object not found: PUBLIC.FACSIMILES_MS_DESIGNATIONS
2012-05-03 17:50:37,203 ERROR [main] org.hibernate.tool.hbm2ddl.SchemaExport - HHH000389: Unsuccessful: alter table FACSIMILES_MS_DESIGNATIONS drop constraint FKFB879976BBBE6360
2012-05-03 17:50:37,203 ERROR [main] org.hibernate.tool.hbm2ddl.SchemaExport - user lacks privilege or object not found: PUBLIC.FACSIMILES_MS_DESIGNATIONS
2012-05-03 19:42:10,788 ERROR [main] org.hibernate.tool.hbm2ddl.SchemaExport - HHH000389: Unsuccessful: drop table COLLATIONS if exists
2012-05-03 19:42:10,788 ERROR [main] org.hibernate.tool.hbm2ddl.SchemaExport - is referenced by FOREIGN KEY constraint: PUBLIC.FKF8639492FC8B5AF in statement [drop table COLLATIONS if exists]
2012-05-03 19:42:10,793 ERROR [main] org.hibernate.tool.hbm2ddl.SchemaExport - HHH000389: Unsuccessful: drop table FACSIMILES if exists
2012-05-03 19:42:10,794 ERROR [main] org.hibernate.tool.hbm2ddl.SchemaExport - is referenced by FOREIGN KEY constraint: PUBLIC.FKF8639491231B06F in statement [drop table FACSIMILES if exists]
2012-05-03 19:42:10,798 ERROR [main] org.hibernate.tool.hbm2ddl.SchemaExport - HHH000389: Unsuccessful: drop table MS_DESIGNATIONS if exists
2012-05-03 19:42:10,798 ERROR [main] org.hibernate.tool.hbm2ddl.SchemaExport - is referenced by FOREIGN KEY constraint: PUBLIC.FKFB879976BBBE6360 in statement [drop table MS_DESIGNATIONS if exists]
2012-05-03 19:42:10,802 ERROR [main] org.hibernate.tool.hbm2ddl.SchemaExport - HHH000389: Unsuccessful: create table COLLATIONS (JPAId bigint generated by default as identity (start with 1), description varchar(255), name varchar(255), primary key (JPAId))
2012-05-03 19:42:10,802 ERROR [main] org.hibernate.tool.hbm2ddl.SchemaExport - object name already exists: COLLATIONS in statement [create table COLLATIONS (JPAId bigint generated by default as identity (start with 1), description varchar(255), name varchar(255), primary key (JPAId))]
2012-05-03 19:42:10,806 ERROR [main] org.hibernate.tool.hbm2ddl.SchemaExport - HHH000389: Unsuccessful: create table FACSIMILES (JPAId bigint generated by default as identity (start with 1), dateOfOrigin varchar(255), description varchar(255), name varchar(255), primary key (JPAId))
2012-05-03 19:42:10,806 ERROR [main] org.hibernate.tool.hbm2ddl.SchemaExport - object name already exists: FACSIMILES in statement [create table FACSIMILES (JPAId bigint generated by default as identity (start with 1), dateOfOrigin varchar(255), description varchar(255), name varchar(255), primary key (JPAId))]
2012-05-03 19:42:10,810 ERROR [main] org.hibernate.tool.hbm2ddl.SchemaExport - HHH000389: Unsuccessful: create table MS_DESIGNATIONS (uid bigint generated by default as identity (start with 1), id varchar(255), scheme varchar(255), primary key (uid))
2012-05-03 19:42:10,810 ERROR [main] org.hibernate.tool.hbm2ddl.SchemaExport - object name already exists: MS_DESIGNATIONS in statement [create table MS_DESIGNATIONS (uid bigint generated by default as identity (start with 1), id varchar(255), scheme varchar(255), primary key (uid))]
2012-05-03 19:45:23,517 ERROR [main] org.hibernate.tool.hbm2ddl.SchemaExport - HHH000389: Unsuccessful: drop table COLLATIONS if exists
2012-05-03 19:45:23,518 ERROR [main] org.hibernate.tool.hbm2ddl.SchemaExport - is referenced by FOREIGN KEY constraint: PUBLIC.FKF8639492FC8B5AF in statement [drop table COLLATIONS if exists]
2012-05-03 19:45:23,521 ERROR [main] org.hibernate.tool.hbm2ddl.SchemaExport - HHH000389: Unsuccessful: drop table FACSIMILES if exists
2012-05-03 19:45:23,521 ERROR [main] org.hibernate.tool.hbm2ddl.SchemaExport - is referenced by FOREIGN KEY constraint: PUBLIC.FKF8639491231B06F in statement [drop table FACSIMILES if exists]
2012-05-03 19:45:23,525 ERROR [main] org.hibernate.tool.hbm2ddl.SchemaExport - HHH000389: Unsuccessful: drop table MS_DESIGNATIONS if exists
2012-05-03 19:45:23,525 ERROR [main] org.hibernate.tool.hbm2ddl.SchemaExport - is referenced by FOREIGN KEY constraint: PUBLIC.FKFB879976BBBE6360 in statement [drop table MS_DESIGNATIONS if exists]
2012-05-03 19:45:23,528 ERROR [main] org.hibernate.tool.hbm2ddl.SchemaExport - HHH000389: Unsuccessful: create table COLLATIONS (JPAId bigint generated by default as identity (start with 1), description varchar(255), name varchar(255), primary key (JPAId))
2012-05-03 19:45:23,528 ERROR [main] org.hibernate.tool.hbm2ddl.SchemaExport - object name already exists: COLLATIONS in statement [create table COLLATIONS (JPAId bigint generated by default as identity (start with 1), description varchar(255), name varchar(255), primary key (JPAId))]
2012-05-03 19:45:23,532 ERROR [main] org.hibernate.tool.hbm2ddl.SchemaExport - HHH000389: Unsuccessful: create table FACSIMILES (JPAId bigint generated by default as identity (start with 1), dateOfOrigin varchar(255), description varchar(255), name varchar(255), primary key (JPAId))
2012-05-03 19:45:23,532 ERROR [main] org.hibernate.tool.hbm2ddl.SchemaExport - object name already exists: FACSIMILES in statement [create table FACSIMILES (JPAId bigint generated by default as identity (start with 1), dateOfOrigin varchar(255), description varchar(255), name varchar(255), primary key (JPAId))]
2012-05-03 19:45:23,536 ERROR [main] org.hibernate.tool.hbm2ddl.SchemaExport - HHH000389: Unsuccessful: create table MS_DESIGNATIONS (uid bigint generated by default as identity (start with 1), id varchar(255), scheme varchar(255), primary key (uid))
2012-05-03 19:45:23,536 ERROR [main] org.hibernate.tool.hbm2ddl.SchemaExport - object name already exists: MS_DESIGNATIONS in statement [create table MS_DESIGNATIONS (uid bigint generated by default as identity (start with 1), id varchar(255), scheme varchar(255), primary key (uid))]
2012-05-03 19:45:43,354 ERROR [main] org.hibernate.tool.hbm2ddl.SchemaExport - HHH000389: Unsuccessful: drop table COLLATIONS if exists
2012-05-03 19:45:43,354 ERROR [main] org.hibernate.tool.hbm2ddl.SchemaExport - is referenced by FOREIGN KEY constraint: PUBLIC.FKF8639492FC8B5AF in statement [drop table COLLATIONS if exists]
2012-05-03 19:45:43,357 ERROR [main] org.hibernate.tool.hbm2ddl.SchemaExport - HHH000389: Unsuccessful: drop table FACSIMILES if exists
2012-05-03 19:45:43,357 ERROR [main] org.hibernate.tool.hbm2ddl.SchemaExport - is referenced by FOREIGN KEY constraint: PUBLIC.FKF8639491231B06F in statement [drop table FACSIMILES if exists]
2012-05-03 19:45:43,360 ERROR [main] org.hibernate.tool.hbm2ddl.SchemaExport - HHH000389: Unsuccessful: drop table MS_DESIGNATIONS if exists
2012-05-03 19:45:43,360 ERROR [main] org.hibernate.tool.hbm2ddl.SchemaExport - is referenced by FOREIGN KEY constraint: PUBLIC.FKFB879976BBBE6360 in statement [drop table MS_DESIGNATIONS if exists]
2012-05-03 19:45:43,363 ERROR [main] org.hibernate.tool.hbm2ddl.SchemaExport - HHH000389: Unsuccessful: create table COLLATIONS (JPAId bigint generated by default as identity (start with 1), description varchar(255), name varchar(255), primary key (JPAId))
2012-05-03 19:45:43,363 ERROR [main] org.hibernate.tool.hbm2ddl.SchemaExport - object name already exists: COLLATIONS in statement [create table COLLATIONS (JPAId bigint generated by default as identity (start with 1), description varchar(255), name varchar(255), primary key (JPAId))]
2012-05-03 19:45:43,366 ERROR [main] org.hibernate.tool.hbm2ddl.SchemaExport - HHH000389: Unsuccessful: create table FACSIMILES (JPAId bigint generated by default as identity (start with 1), dateOfOrigin varchar(255), description varchar(255), name varchar(255), primary key (JPAId))
2012-05-03 19:45:43,366 ERROR [main] org.hibernate.tool.hbm2ddl.SchemaExport - object name already exists: FACSIMILES in statement [create table FACSIMILES (JPAId bigint generated by default as identity (start with 1), dateOfOrigin varchar(255), description varchar(255), name varchar(255), primary key (JPAId))]
2012-05-03 19:45:43,368 ERROR [main] org.hibernate.tool.hbm2ddl.SchemaExport - HHH000389: Unsuccessful: create table MS_DESIGNATIONS (uid bigint generated by default as identity (start with 1), id varchar(255), scheme varchar(255), primary key (uid))
2012-05-03 19:45:43,368 ERROR [main] org.hibernate.tool.hbm2ddl.SchemaExport - object name already exists: MS_DESIGNATIONS in statement [create table MS_DESIGNATIONS (uid bigint generated by default as identity (start with 1), id varchar(255), scheme varchar(255), primary key (uid))]
2012-05-03 19:46:36,277 ERROR [main] org.hibernate.tool.hbm2ddl.SchemaExport - HHH000389: Unsuccessful: drop table COLLATIONS if exists
2012-05-03 19:46:36,277 ERROR [main] org.hibernate.tool.hbm2ddl.SchemaExport - is referenced by FOREIGN KEY constraint: PUBLIC.FKF8639492FC8B5AF in statement [drop table COLLATIONS if exists]
2012-05-03 19:46:36,280 ERROR [main] org.hibernate.tool.hbm2ddl.SchemaExport - HHH000389: Unsuccessful: drop table FACSIMILES if exists
2012-05-03 19:46:36,280 ERROR [main] org.hibernate.tool.hbm2ddl.SchemaExport - is referenced by FOREIGN KEY constraint: PUBLIC.FKF8639491231B06F in statement [drop table FACSIMILES if exists]
2012-05-03 19:46:36,284 ERROR [main] org.hibernate.tool.hbm2ddl.SchemaExport - HHH000389: Unsuccessful: create table COLLATIONS (JPAId bigint generated by default as identity (start with 1), description varchar(255), name varchar(255), primary key (JPAId))
2012-05-03 19:46:36,284 ERROR [main] org.hibernate.tool.hbm2ddl.SchemaExport - object name already exists: COLLATIONS in statement [create table COLLATIONS (JPAId bigint generated by default as identity (start with 1), description varchar(255), name varchar(255), primary key (JPAId))]
2012-05-03 19:46:36,287 ERROR [main] org.hibernate.tool.hbm2ddl.SchemaExport - HHH000389: Unsuccessful: create table FACSIMILES (JPAId bigint generated by default as identity (start with 1), dateOfOrigin varchar(255), description varchar(255), name varchar(255), primary key (JPAId))
2012-05-03 19:46:36,287 ERROR [main] org.hibernate.tool.hbm2ddl.SchemaExport - object name already exists: FACSIMILES in statement [create table FACSIMILES (JPAId bigint generated by default as identity (start with 1), dateOfOrigin varchar(255), description varchar(255), name varchar(255), primary key (JPAId))]
2012-05-03 20:00:03,288 ERROR [main] org.hibernate.tool.hbm2ddl.SchemaExport - HHH000389: Unsuccessful: alter table COLLATIONS drop constraint FKAF36DE0A47B78042
2012-05-03 20:00:03,288 ERROR [main] org.hibernate.tool.hbm2ddl.SchemaExport - user lacks privilege or object not found: PUBLIC.COLLATIONS
2012-05-03 20:01:20,636 ERROR [main] org.hibernate.tool.hbm2ddl.SchemaExport - HHH000389: Unsuccessful: alter table FACSIMILES_MS_DESIGNATIONS drop constraint FKFB8799761231B06F
2012-05-03 20:01:20,637 ERROR [main] org.hibernate.tool.hbm2ddl.SchemaExport - user lacks privilege or object not found: PUBLIC.FACSIMILES_MS_DESIGNATIONS
2012-05-03 20:01:20,638 ERROR [main] org.hibernate.tool.hbm2ddl.SchemaExport - HHH000389: Unsuccessful: alter table FACSIMILES_MS_DESIGNATIONS drop constraint FKFB879976BBBE6360
2012-05-03 20:01:20,638 ERROR [main] org.hibernate.tool.hbm2ddl.SchemaExport - user lacks privilege or object not found: PUBLIC.FACSIMILES_MS_DESIGNATIONS
2012-05-03 22:08:28,523 ERROR [main] org.hibernate.tool.hbm2ddl.SchemaExport - HHH000389: Unsuccessful: alter table FACSIMILES_COLLATIONS drop constraint FKF8639491231B06F
2012-05-03 22:08:28,524 ERROR [main] org.hibernate.tool.hbm2ddl.SchemaExport - user lacks privilege or object not found: PUBLIC.FACSIMILES_COLLATIONS
2012-05-03 22:08:28,525 ERROR [main] org.hibernate.tool.hbm2ddl.SchemaExport - HHH000389: Unsuccessful: alter table FACSIMILES_COLLATIONS drop constraint FKF8639492FC8B5AF
2012-05-03 22:08:28,525 ERROR [main] org.hibernate.tool.hbm2ddl.SchemaExport - user lacks privilege or object not found: PUBLIC.FACSIMILES_COLLATIONS
2012-05-03 22:09:54,229 ERROR [main] org.hibernate.tool.hbm2ddl.SchemaExport - HHH000389: Unsuccessful: drop table COLLATIONS if exists
2012-05-03 22:09:54,229 ERROR [main] org.hibernate.tool.hbm2ddl.SchemaExport - is referenced by FOREIGN KEY constraint: PUBLIC.FKF8639492FC8B5AF in statement [drop table COLLATIONS if exists]
2012-05-03 22:09:54,231 ERROR [main] org.hibernate.tool.hbm2ddl.SchemaExport - HHH000389: Unsuccessful: drop table FACSIMILES if exists
2012-05-03 22:09:54,231 ERROR [main] org.hibernate.tool.hbm2ddl.SchemaExport - is referenced by FOREIGN KEY constraint: PUBLIC.FKF8639491231B06F in statement [drop table FACSIMILES if exists]
2012-05-03 22:09:54,234 ERROR [main] org.hibernate.tool.hbm2ddl.SchemaExport - HHH000389: Unsuccessful: create table COLLATIONS (JPAId bigint generated by default as identity (start with 1), description varchar(255), name varchar(255), facsimile_JPAId bigint, primary key (JPAId))
2012-05-03 22:09:54,234 ERROR [main] org.hibernate.tool.hbm2ddl.SchemaExport - object name already exists: COLLATIONS in statement [create table COLLATIONS (JPAId bigint generated by default as identity (start with 1), description varchar(255), name varchar(255), facsimile_JPAId bigint, primary key (JPAId))]
2012-05-03 22:09:54,236 ERROR [main] org.hibernate.tool.hbm2ddl.SchemaExport - HHH000389: Unsuccessful: create table FACSIMILES (JPAId bigint generated by default as identity (start with 1), dateOfOrigin varchar(255), description varchar(255), name varchar(255), primary key (JPAId))
2012-05-03 22:09:54,236 ERROR [main] org.hibernate.tool.hbm2ddl.SchemaExport - object name already exists: FACSIMILES in statement [create table FACSIMILES (JPAId bigint generated by default as identity (start with 1), dateOfOrigin varchar(255), description varchar(255), name varchar(255), primary key (JPAId))]
2012-05-03 22:11:32,972 ERROR [main] org.hibernate.tool.hbm2ddl.SchemaExport - HHH000389: Unsuccessful: drop table COLLATIONS if exists
2012-05-03 22:11:32,973 ERROR [main] org.hibernate.tool.hbm2ddl.SchemaExport - is referenced by FOREIGN KEY constraint: PUBLIC.FKF8639492FC8B5AF in statement [drop table COLLATIONS if exists]
2012-05-03 22:11:32,975 ERROR [main] org.hibernate.tool.hbm2ddl.SchemaExport - HHH000389: Unsuccessful: drop table FACSIMILES if exists
2012-05-03 22:11:32,975 ERROR [main] org.hibernate.tool.hbm2ddl.SchemaExport - is referenced by FOREIGN KEY constraint: PUBLIC.FKF8639491231B06F in statement [drop table FACSIMILES if exists]
2012-05-03 22:11:32,977 ERROR [main] org.hibernate.tool.hbm2ddl.SchemaExport - HHH000389: Unsuccessful: create table COLLATIONS (JPAId bigint generated by default as identity (start with 1), description varchar(255), name varchar(255), facsimile_JPAId bigint, primary key (JPAId))
2012-05-03 22:11:32,977 ERROR [main] org.hibernate.tool.hbm2ddl.SchemaExport - object name already exists: COLLATIONS in statement [create table COLLATIONS (JPAId bigint generated by default as identity (start with 1), description varchar(255), name varchar(255), facsimile_JPAId bigint, primary key (JPAId))]
2012-05-03 22:11:32,979 ERROR [main] org.hibernate.tool.hbm2ddl.SchemaExport - HHH000389: Unsuccessful: create table FACSIMILES (JPAId bigint generated by default as identity (start with 1), dateOfOrigin varchar(255), description varchar(255), name varchar(255), primary key (JPAId))
2012-05-03 22:11:32,979 ERROR [main] org.hibernate.tool.hbm2ddl.SchemaExport - object name already exists: FACSIMILES in statement [create table FACSIMILES (JPAId bigint generated by default as identity (start with 1), dateOfOrigin varchar(255), description varchar(255), name varchar(255), primary key (JPAId))]
2012-05-03 22:11:55,334 ERROR [main] org.hibernate.tool.hbm2ddl.SchemaExport - HHH000389: Unsuccessful: drop table COLLATIONS if exists
2012-05-03 22:11:55,335 ERROR [main] org.hibernate.tool.hbm2ddl.SchemaExport - is referenced by FOREIGN KEY constraint: PUBLIC.FKF8639492FC8B5AF in statement [drop table COLLATIONS if exists]
2012-05-03 22:11:55,337 ERROR [main] org.hibernate.tool.hbm2ddl.SchemaExport - HHH000389: Unsuccessful: drop table FACSIMILES if exists
2012-05-03 22:11:55,337 ERROR [main] org.hibernate.tool.hbm2ddl.SchemaExport - is referenced by FOREIGN KEY constraint: PUBLIC.FKF8639491231B06F in statement [drop table FACSIMILES if exists]
2012-05-03 22:11:55,339 ERROR [main] org.hibernate.tool.hbm2ddl.SchemaExport - HHH000389: Unsuccessful: create table COLLATIONS (JPAId bigint generated by default as identity (start with 1), description varchar(255), name varchar(255), facsimile_JPAId bigint, primary key (JPAId))
2012-05-03 22:11:55,339 ERROR [main] org.hibernate.tool.hbm2ddl.SchemaExport - object name already exists: COLLATIONS in statement [create table COLLATIONS (JPAId bigint generated by default as identity (start with 1), description varchar(255), name varchar(255), facsimile_JPAId bigint, primary key (JPAId))]
2012-05-03 22:11:55,341 ERROR [main] org.hibernate.tool.hbm2ddl.SchemaExport - HHH000389: Unsuccessful: create table FACSIMILES (JPAId bigint generated by default as identity (start with 1), dateOfOrigin varchar(255), description varchar(255), name varchar(255), primary key (JPAId))
2012-05-03 22:11:55,341 ERROR [main] org.hibernate.tool.hbm2ddl.SchemaExport - object name already exists: FACSIMILES in statement [create table FACSIMILES (JPAId bigint generated by default as identity (start with 1), dateOfOrigin varchar(255), description varchar(255), name varchar(255), primary key (JPAId))]
2012-05-03 22:13:21,913 ERROR [main] org.hibernate.tool.hbm2ddl.SchemaExport - HHH000389: Unsuccessful: alter table COLLATIONS drop constraint FKAF36DE0A47B78042
2012-05-03 22:13:21,913 ERROR [main] org.hibernate.tool.hbm2ddl.SchemaExport - user lacks privilege or object not found: PUBLIC.COLLATIONS
2012-05-03 22:13:21,915 ERROR [main] org.hibernate.tool.hbm2ddl.SchemaExport - HHH000389: Unsuccessful: alter table FACSIMILES_MS_DESIGNATIONS drop constraint FKFB8799761231B06F
2012-05-03 22:13:21,915 ERROR [main] org.hibernate.tool.hbm2ddl.SchemaExport - user lacks privilege or object not found: PUBLIC.FACSIMILES_MS_DESIGNATIONS
2012-05-03 22:13:21,916 ERROR [main] org.hibernate.tool.hbm2ddl.SchemaExport - HHH000389: Unsuccessful: alter table FACSIMILES_MS_DESIGNATIONS drop constraint FKFB879976BBBE6360
2012-05-03 22:13:21,917 ERROR [main] org.hibernate.tool.hbm2ddl.SchemaExport - user lacks privilege or object not found: PUBLIC.FACSIMILES_MS_DESIGNATIONS
2012-05-03 22:15:30,290 ERROR [main] org.hibernate.tool.hbm2ddl.SchemaExport - HHH000389: Unsuccessful: drop table FACSIMILES if exists
2012-05-03 22:15:30,290 ERROR [main] org.hibernate.tool.hbm2ddl.SchemaExport - is referenced by FOREIGN KEY constraint: PUBLIC.FKFB8799761231B06F in statement [drop table FACSIMILES if exists]
2012-05-03 22:15:30,292 ERROR [main] org.hibernate.tool.hbm2ddl.SchemaExport - HHH000389: Unsuccessful: drop table MS_DESIGNATIONS if exists
2012-05-03 22:15:30,292 ERROR [main] org.hibernate.tool.hbm2ddl.SchemaExport - is referenced by FOREIGN KEY constraint: PUBLIC.FKFB879976BBBE6360 in statement [drop table MS_DESIGNATIONS if exists]
2012-05-03 22:15:30,295 ERROR [main] org.hibernate.tool.hbm2ddl.SchemaExport - HHH000389: Unsuccessful: create table FACSIMILES (JPAId bigint generated by default as identity (start with 1), dateOfOrigin varchar(255), description varchar(255), name varchar(255), primary key (JPAId))
2012-05-03 22:15:30,295 ERROR [main] org.hibernate.tool.hbm2ddl.SchemaExport - object name already exists: FACSIMILES in statement [create table FACSIMILES (JPAId bigint generated by default as identity (start with 1), dateOfOrigin varchar(255), description varchar(255), name varchar(255), primary key (JPAId))]
2012-05-03 22:15:30,297 ERROR [main] org.hibernate.tool.hbm2ddl.SchemaExport - HHH000389: Unsuccessful: create table MS_DESIGNATIONS (uid bigint generated by default as identity (start with 1), id varchar(255), scheme varchar(255), primary key (uid))
2012-05-03 22:15:30,297 ERROR [main] org.hibernate.tool.hbm2ddl.SchemaExport - object name already exists: MS_DESIGNATIONS in statement [create table MS_DESIGNATIONS (uid bigint generated by default as identity (start with 1), id varchar(255), scheme varchar(255), primary key (uid))]
2012-05-03 22:26:14,448 ERROR [main] org.hibernate.tool.hbm2ddl.SchemaExport - HHH000389: Unsuccessful: alter table FACSIMILES_MS_DESIGNATIONS drop constraint FKFB8799761231B06F
2012-05-03 22:26:14,448 ERROR [main] org.hibernate.tool.hbm2ddl.SchemaExport - user lacks privilege or object not found: PUBLIC.FACSIMILES_MS_DESIGNATIONS
2012-05-03 22:26:14,448 ERROR [main] org.hibernate.tool.hbm2ddl.SchemaExport - HHH000389: Unsuccessful: alter table FACSIMILES_MS_DESIGNATIONS drop constraint FKFB879976BBBE6360
2012-05-03 22:26:14,448 ERROR [main] org.hibernate.tool.hbm2ddl.SchemaExport - user lacks privilege or object not found: PUBLIC.FACSIMILES_MS_DESIGNATIONS
2012-05-03 22:26:14,448 ERROR [main] org.hibernate.tool.hbm2ddl.SchemaExport - HHH000389: Unsuccessful: alter table t_customer drop constraint FKDACDF349459DBF1C
2012-05-03 22:26:14,448 ERROR [main] org.hibernate.tool.hbm2ddl.SchemaExport - user lacks privilege or object not found: PUBLIC.T_CUSTOMER
2012-05-03 22:26:14,458 ERROR [main] org.hibernate.tool.hbm2ddl.SchemaExport - HHH000389: Unsuccessful: alter table t_delivery_addresses drop constraint FKC69A9AC2FD91CFBC
2012-05-03 22:26:14,458 ERROR [main] org.hibernate.tool.hbm2ddl.SchemaExport - user lacks privilege or object not found: PUBLIC.T_DELIVERY_ADDRESSES
2012-05-03 22:26:14,458 ERROR [main] org.hibernate.tool.hbm2ddl.SchemaExport - HHH000389: Unsuccessful: alter table t_delivery_addresses drop constraint FKC69A9AC29E104CC
2012-05-03 22:26:14,458 ERROR [main] org.hibernate.tool.hbm2ddl.SchemaExport - user lacks privilege or object not found: PUBLIC.T_DELIVERY_ADDRESSES
2012-05-03 22:28:20,766 ERROR [main] org.hibernate.tool.hbm2ddl.SchemaExport - HHH000389: Unsuccessful: alter table COLLATIONS drop constraint FKAF36DE0A47B78042
2012-05-03 22:28:20,766 ERROR [main] org.hibernate.tool.hbm2ddl.SchemaExport - user lacks privilege or object not found: PUBLIC.COLLATIONS
2012-05-03 22:28:20,768 ERROR [main] org.hibernate.tool.hbm2ddl.SchemaExport - HHH000389: Unsuccessful: alter table FACSIMILES_MS_DESIGNATIONS drop constraint FKFB8799761231B06F
2012-05-03 22:28:20,768 ERROR [main] org.hibernate.tool.hbm2ddl.SchemaExport - user lacks privilege or object not found: PUBLIC.FACSIMILES_MS_DESIGNATIONS
2012-05-03 22:28:20,770 ERROR [main] org.hibernate.tool.hbm2ddl.SchemaExport - HHH000389: Unsuccessful: alter table FACSIMILES_MS_DESIGNATIONS drop constraint FKFB879976BBBE6360
2012-05-03 22:28:20,770 ERROR [main] org.hibernate.tool.hbm2ddl.SchemaExport - user lacks privilege or object not found: PUBLIC.FACSIMILES_MS_DESIGNATIONS
2012-05-03 22:48:28,151 ERROR [main] org.hibernate.tool.hbm2ddl.SchemaExport - HHH000389: Unsuccessful: alter table FACSIMILES_COLLATIONS drop constraint FKF8639491231B06F
2012-05-03 22:48:28,151 ERROR [main] org.hibernate.tool.hbm2ddl.SchemaExport - user lacks privilege or object not found: PUBLIC.FACSIMILES_COLLATIONS
2012-05-03 22:48:28,153 ERROR [main] org.hibernate.tool.hbm2ddl.SchemaExport - HHH000389: Unsuccessful: alter table FACSIMILES_COLLATIONS drop constraint FKF8639492FC8B5AF
2012-05-03 22:48:28,153 ERROR [main] org.hibernate.tool.hbm2ddl.SchemaExport - user lacks privilege or object not found: PUBLIC.FACSIMILES_COLLATIONS
2012-06-19 20:35:37,050 ERROR [http-8080-exec-6] org.hibernate.tool.hbm2ddl.SchemaExport - HHH000389: Unsuccessful: alter table IMAGES drop constraint FK80ED7678DC5AAA97
2012-06-19 20:35:37,050 ERROR [http-8080-exec-6] org.hibernate.tool.hbm2ddl.SchemaExport - user lacks privilege or object not found: PUBLIC.IMAGES
2012-06-20 21:33:50,629 ERROR [main] org.hibernate.tool.hbm2ddl.SchemaExport - HHH000389: Unsuccessful: drop table MS_DESIGNATIONS if exists
2012-06-20 21:33:50,630 ERROR [main] org.hibernate.tool.hbm2ddl.SchemaExport - is referenced by FOREIGN KEY constraint: PUBLIC.FKFB879976BBBE6360 in statement [drop table MS_DESIGNATIONS if exists]
2012-06-20 21:33:50,636 ERROR [main] org.hibernate.tool.hbm2ddl.SchemaExport - HHH000389: Unsuccessful: create table MS_DESIGNATIONS (uid bigint generated by default as identity (start with 1), id varchar(255), scheme varchar(255), primary key (uid))
2012-06-20 21:33:50,636 ERROR [main] org.hibernate.tool.hbm2ddl.SchemaExport - object name already exists: MS_DESIGNATIONS in statement [create table MS_DESIGNATIONS (uid bigint generated by default as identity (start with 1), id varchar(255), scheme varchar(255), primary key (uid))]
2012-06-20 21:34:35,048 ERROR [main] org.hibernate.tool.hbm2ddl.SchemaExport - HHH000389: Unsuccessful: drop table MS_DESIGNATIONS if exists
2012-06-20 21:34:35,048 ERROR [main] org.hibernate.tool.hbm2ddl.SchemaExport - is referenced by FOREIGN KEY constraint: PUBLIC.FKFB879976BBBE6360 in statement [drop table MS_DESIGNATIONS if exists]
2012-06-20 21:34:35,054 ERROR [main] org.hibernate.tool.hbm2ddl.SchemaExport - HHH000389: Unsuccessful: create table MS_DESIGNATIONS (uid bigint generated by default as identity (start with 1), id varchar(255), scheme varchar(255), primary key (uid))
2012-06-20 21:34:35,054 ERROR [main] org.hibernate.tool.hbm2ddl.SchemaExport - object name already exists: MS_DESIGNATIONS in statement [create table MS_DESIGNATIONS (uid bigint generated by default as identity (start with 1), id varchar(255), scheme varchar(255), primary key (uid))]
2012-06-20 21:39:39,769 ERROR [main] org.hibernate.tool.hbm2ddl.SchemaExport - HHH000389: Unsuccessful: drop table MS_DESIGNATIONS if exists
2012-06-20 21:39:39,769 ERROR [main] org.hibernate.tool.hbm2ddl.SchemaExport - is referenced by FOREIGN KEY constraint: PUBLIC.FKFB879976BBBE6360 in statement [drop table MS_DESIGNATIONS if exists]
2012-06-20 21:39:39,773 ERROR [main] org.hibernate.tool.hbm2ddl.SchemaExport - HHH000389: Unsuccessful: create table MS_DESIGNATIONS (uid bigint generated by default as identity (start with 1), id varchar(255), scheme varchar(255), primary key (uid))
2012-06-20 21:39:39,773 ERROR [main] org.hibernate.tool.hbm2ddl.SchemaExport - object name already exists: MS_DESIGNATIONS in statement [create table MS_DESIGNATIONS (uid bigint generated by default as identity (start with 1), id varchar(255), scheme varchar(255), primary key (uid))]
2012-06-20 21:40:13,496 ERROR [main] org.hibernate.tool.hbm2ddl.SchemaExport - HHH000389: Unsuccessful: drop table MS_DESIGNATIONS if exists
2012-06-20 21:40:13,497 ERROR [main] org.hibernate.tool.hbm2ddl.SchemaExport - is referenced by FOREIGN KEY constraint: PUBLIC.FKFB879976BBBE6360 in statement [drop table MS_DESIGNATIONS if exists]
2012-06-20 21:40:13,501 ERROR [main] org.hibernate.tool.hbm2ddl.SchemaExport - HHH000389: Unsuccessful: create table MS_DESIGNATIONS (uid bigint generated by default as identity (start with 1), id varchar(255), scheme varchar(255), primary key (uid))
2012-06-20 21:40:13,501 ERROR [main] org.hibernate.tool.hbm2ddl.SchemaExport - object name already exists: MS_DESIGNATIONS in statement [create table MS_DESIGNATIONS (uid bigint generated by default as identity (start with 1), id varchar(255), scheme varchar(255), primary key (uid))]
2012-06-20 21:52:51,006 ERROR [main] org.hibernate.tool.hbm2ddl.SchemaExport - HHH000389: Unsuccessful: drop table MS_DESIGNATIONS if exists
2012-06-20 21:52:51,007 ERROR [main] org.hibernate.tool.hbm2ddl.SchemaExport - is referenced by FOREIGN KEY constraint: PUBLIC.FKFB879976BBBE6360 in statement [drop table MS_DESIGNATIONS if exists]
2012-06-20 21:52:51,025 ERROR [main] org.hibernate.tool.hbm2ddl.SchemaExport - HHH000389: Unsuccessful: create table MS_DESIGNATIONS (uid bigint generated by default as identity (start with 1), id varchar(255), scheme varchar(255), primary key (uid))
2012-06-20 21:52:51,025 ERROR [main] org.hibernate.tool.hbm2ddl.SchemaExport - object name already exists: MS_DESIGNATIONS in statement [create table MS_DESIGNATIONS (uid bigint generated by default as identity (start with 1), id varchar(255), scheme varchar(255), primary key (uid))]
2012-06-24 14:00:50,866 ERROR [main] org.hibernate.tool.hbm2ddl.SchemaExport - HHH000389: Unsuccessful: drop table MS_DESIGNATIONS if exists
2012-06-24 14:00:50,878 ERROR [main] org.hibernate.tool.hbm2ddl.SchemaExport - is referenced by FOREIGN KEY constraint: PUBLIC.FKFB879976BBBE6360 in statement [drop table MS_DESIGNATIONS if exists]
2012-06-24 14:00:50,887 ERROR [main] org.hibernate.tool.hbm2ddl.SchemaExport - HHH000389: Unsuccessful: create table MS_DESIGNATIONS (uid bigint generated by default as identity (start with 1), id varchar(255), scheme varchar(255), primary key (uid))
2012-06-24 14:00:50,887 ERROR [main] org.hibernate.tool.hbm2ddl.SchemaExport - object name already exists: MS_DESIGNATIONS in statement [create table MS_DESIGNATIONS (uid bigint generated by default as identity (start with 1), id varchar(255), scheme varchar(255), primary key (uid))]
2012-07-04 10:13:37,632 WARN  [http-8080-exec-3] org.hibernate.engine.jdbc.internal.JdbcServicesImpl - HHH000342: Could not obtain connection to query metadata : Connections could not be acquired from the underlying database!
2012-07-04 10:13:57,470 ERROR [http-8080-exec-3] org.hibernate.tool.hbm2ddl.SchemaExport - HHH000231: Schema export unsuccessful
java.sql.SQLException: Connections could not be acquired from the underlying database!
	at com.mchange.v2.sql.SqlUtils.toSQLException(SqlUtils.java:106)
	at com.mchange.v2.c3p0.impl.C3P0PooledConnectionPool.checkoutPooledConnection(C3P0PooledConnectionPool.java:529)
	at com.mchange.v2.c3p0.impl.AbstractPoolBackedDataSource.getConnection(AbstractPoolBackedDataSource.java:128)
	at org.hibernate.service.jdbc.connections.internal.C3P0ConnectionProvider.getConnection(C3P0ConnectionProvider.java:79)
	at org.hibernate.tool.hbm2ddl.SuppliedConnectionProviderConnectionHelper.prepare(SuppliedConnectionProviderConnectionHelper.java:51)
	at org.hibernate.tool.hbm2ddl.DatabaseExporter.<init>(DatabaseExporter.java:52)
	at org.hibernate.tool.hbm2ddl.SchemaExport.execute(SchemaExport.java:368)
	at org.hibernate.tool.hbm2ddl.SchemaExport.create(SchemaExport.java:305)
	at org.hibernate.tool.hbm2ddl.SchemaExport.create(SchemaExport.java:294)
	at org.hibernate.internal.SessionFactoryImpl.<init>(SessionFactoryImpl.java:490)
	at org.hibernate.cfg.Configuration.buildSessionFactory(Configuration.java:1740)
	at org.hibernate.ejb.EntityManagerFactoryImpl.<init>(EntityManagerFactoryImpl.java:94)
	at org.hibernate.ejb.Ejb3Configuration.buildEntityManagerFactory(Ejb3Configuration.java:904)
	at org.hibernate.ejb.Ejb3Configuration.buildEntityManagerFactory(Ejb3Configuration.java:889)
	at org.hibernate.ejb.HibernatePersistence.createEntityManagerFactory(HibernatePersistence.java:56)
	at javax.persistence.Persistence.createEntityManagerFactory(Persistence.java:63)
	at javax.persistence.Persistence.createEntityManagerFactory(Persistence.java:47)
	at org.idch.util.PersistenceUtil.getEMFactory(PersistenceUtil.java:41)
	at org.idch.afed.impl.jpa.JPAFacsimileRepository.getInstance(JPAFacsimileRepository.java:50)
	at org.idch.afed.impl.jpa.JPAFacsimileRepository.getInstance(JPAFacsimileRepository.java:38)
	at org.idch.afed.rest.FacsimileAPIApplication.initRepositories(FacsimileAPIApplication.java:35)
	at org.idch.afed.rest.FacsimileAPIApplication.<init>(FacsimileAPIApplication.java:26)
	at sun.reflect.NativeConstructorAccessorImpl.newInstance0(Native Method)
	at sun.reflect.NativeConstructorAccessorImpl.newInstance(NativeConstructorAccessorImpl.java:39)
	at sun.reflect.DelegatingConstructorAccessorImpl.newInstance(DelegatingConstructorAccessorImpl.java:27)
	at java.lang.reflect.Constructor.newInstance(Constructor.java:513)
	at org.jboss.resteasy.core.ConstructorInjectorImpl.construct(ConstructorInjectorImpl.java:132)
	at org.jboss.resteasy.spi.ResteasyDeployment.createFromInjectorFactory(ResteasyDeployment.java:282)
	at org.jboss.resteasy.spi.ResteasyDeployment.createApplication(ResteasyDeployment.java:259)
	at org.jboss.resteasy.spi.ResteasyDeployment.start(ResteasyDeployment.java:220)
	at org.jboss.resteasy.plugins.server.servlet.ServletContainerDispatcher.init(ServletContainerDispatcher.java:67)
	at org.jboss.resteasy.plugins.server.servlet.HttpServletDispatcher.init(HttpServletDispatcher.java:36)
	at org.apache.catalina.core.StandardWrapper.initServlet(StandardWrapper.java:1164)
	at org.apache.catalina.core.StandardWrapper.loadServlet(StandardWrapper.java:1118)
	at org.apache.catalina.core.StandardWrapper.allocate(StandardWrapper.java:817)
	at org.apache.catalina.core.StandardWrapperValve.invoke(StandardWrapperValve.java:134)
	at org.apache.catalina.core.StandardContextValve.invoke(StandardContextValve.java:201)
	at org.apache.catalina.core.StandardHostValve.invoke(StandardHostValve.java:163)
	at org.apache.catalina.valves.ErrorReportValve.invoke(ErrorReportValve.java:108)
	at org.apache.catalina.valves.AccessLogValve.invoke(AccessLogValve.java:556)
	at org.apache.catalina.core.StandardEngineValve.invoke(StandardEngineValve.java:118)
	at org.apache.catalina.connector.CoyoteAdapter.service(CoyoteAdapter.java:402)
	at org.apache.coyote.http11.Http11Processor.process(Http11Processor.java:249)
	at org.apache.coyote.http11.Http11Protocol$Http11ConnectionHandler.process(Http11Protocol.java:267)
	at org.apache.coyote.http11.Http11Protocol$Http11ConnectionHandler.process(Http11Protocol.java:245)
	at org.apache.tomcat.util.net.JIoEndpoint$SocketProcessor.run(JIoEndpoint.java:260)
	at java.util.concurrent.ThreadPoolExecutor$Worker.runTask(ThreadPoolExecutor.java:886)
	at java.util.concurrent.ThreadPoolExecutor$Worker.run(ThreadPoolExecutor.java:908)
	at java.lang.Thread.run(Thread.java:619)
Caused by: com.mchange.v2.resourcepool.CannotAcquireResourceException: A ResourcePool could not acquire a resource from its primary factory or source.
	at com.mchange.v2.resourcepool.BasicResourcePool.awaitAvailable(BasicResourcePool.java:1319)
	at com.mchange.v2.resourcepool.BasicResourcePool.prelimCheckoutResource(BasicResourcePool.java:557)
	at com.mchange.v2.resourcepool.BasicResourcePool.checkoutResource(BasicResourcePool.java:477)
	at com.mchange.v2.c3p0.impl.C3P0PooledConnectionPool.checkoutPooledConnection(C3P0PooledConnectionPool.java:525)
	... 47 more
