2012-04-27 09:49:53,516 ERROR [main] org.idch.afed.impl.jpa.PersistentFactory - Failed to create new facsimle.
java.lang.IllegalArgumentException: Unknown entity: org.idch.afed.impl.jpa.JPAFacsimile
	at org.hibernate.ejb.AbstractEntityManagerImpl.persist(AbstractEntityManagerImpl.java:857)
	at org.idch.afed.impl.jpa.PersistentFactory.create(PersistentFactory.java:42)
	at org.idch.afed.impl.jpa.JPAFacsimileRepository.create(JPAFacsimileRepository.java:59)
	at test.Event.main(Event.java:77)
2012-04-27 09:52:33,080 ERROR [main] org.idch.afed.impl.jpa.PersistentFactory - Failed to create new facsimle.
java.lang.IllegalArgumentException: Unknown entity: org.idch.afed.impl.jpa.JPAFacsimile
	at org.hibernate.ejb.AbstractEntityManagerImpl.persist(AbstractEntityManagerImpl.java:857)
	at org.idch.afed.impl.jpa.PersistentFactory.create(PersistentFactory.java:42)
	at org.idch.afed.impl.jpa.JPAFacsimileRepository.create(JPAFacsimileRepository.java:59)
	at test.Event.main(Event.java:78)
2012-07-16 19:40:26,782 WARN  [http-8080-exec-2] org.idch.afed.rest.resources.FacsimileResource - Client Error: Could not parse the supplied facsimile represetation: Unrecognized field "date" (Class org.idch.afed.rest.resources.FacsimileJSON), not marked as ignorable
 at [Source: org.apache.catalina.connector.CoyoteInputStream@3f9302fb; line: 1, column: 58] (through reference chain: org.idch.afed.rest.resources.FacsimileJSON["date"])
org.codehaus.jackson.map.exc.UnrecognizedPropertyException: Unrecognized field "date" (Class org.idch.afed.rest.resources.FacsimileJSON), not marked as ignorable
 at [Source: org.apache.catalina.connector.CoyoteInputStream@3f9302fb; line: 1, column: 58] (through reference chain: org.idch.afed.rest.resources.FacsimileJSON["date"])
	at org.codehaus.jackson.map.exc.UnrecognizedPropertyException.from(UnrecognizedPropertyException.java:53)
	at org.codehaus.jackson.map.deser.StdDeserializationContext.unknownFieldException(StdDeserializationContext.java:267)
	at org.codehaus.jackson.map.deser.std.StdDeserializer.reportUnknownProperty(StdDeserializer.java:672)
	at org.codehaus.jackson.map.deser.std.StdDeserializer.handleUnknownProperty(StdDeserializer.java:658)
	at org.codehaus.jackson.map.deser.BeanDeserializer.handleUnknownProperty(BeanDeserializer.java:1361)
	at org.codehaus.jackson.map.deser.BeanDeserializer._handleUnknown(BeanDeserializer.java:725)
	at org.codehaus.jackson.map.deser.BeanDeserializer.deserializeFromObject(BeanDeserializer.java:703)
	at org.codehaus.jackson.map.deser.BeanDeserializer.deserialize(BeanDeserializer.java:580)
	at org.codehaus.jackson.map.ObjectMapper._readMapAndClose(ObjectMapper.java:2732)
	at org.codehaus.jackson.map.ObjectMapper.readValue(ObjectMapper.java:1909)
	at org.idch.afed.rest.resources.FacsimileJSON.create(FacsimileJSON.java:60)
	at org.idch.afed.rest.resources.FacsimileResource.createFromJSON(FacsimileResource.java:62)
	at sun.reflect.NativeMethodAccessorImpl.invoke0(Native Method)
	at sun.reflect.NativeMethodAccessorImpl.invoke(NativeMethodAccessorImpl.java:39)
	at sun.reflect.DelegatingMethodAccessorImpl.invoke(DelegatingMethodAccessorImpl.java:25)
	at java.lang.reflect.Method.invoke(Method.java:597)
	at org.jboss.resteasy.core.MethodInjectorImpl.invoke(MethodInjectorImpl.java:155)
	at org.jboss.resteasy.core.ResourceMethod.invokeOnTarget(ResourceMethod.java:257)
	at org.jboss.resteasy.core.ResourceMethod.invoke(ResourceMethod.java:222)
	at org.jboss.resteasy.core.ResourceMethod.invoke(ResourceMethod.java:211)
	at org.jboss.resteasy.core.SynchronousDispatcher.getResponse(SynchronousDispatcher.java:525)
	at org.jboss.resteasy.core.SynchronousDispatcher.invoke(SynchronousDispatcher.java:502)
	at org.jboss.resteasy.core.SynchronousDispatcher.invoke(SynchronousDispatcher.java:119)
	at org.jboss.resteasy.plugins.server.servlet.ServletContainerDispatcher.service(ServletContainerDispatcher.java:208)
	at org.jboss.resteasy.plugins.server.servlet.HttpServletDispatcher.service(HttpServletDispatcher.java:55)
	at org.jboss.resteasy.plugins.server.servlet.HttpServletDispatcher.service(HttpServletDispatcher.java:50)
	at javax.servlet.http.HttpServlet.service(HttpServlet.java:722)
	at org.apache.catalina.core.ApplicationFilterChain.internalDoFilter(ApplicationFilterChain.java:303)
	at org.apache.catalina.core.ApplicationFilterChain.doFilter(ApplicationFilterChain.java:208)
	at org.apache.catalina.core.StandardWrapperValve.invoke(StandardWrapperValve.java:243)
	at org.apache.catalina.core.StandardContextValve.invoke(StandardContextValve.java:201)
	at org.apache.catalina.core.StandardHostValve.invoke(StandardHostValve.java:163)
	at org.apache.catalina.valves.ErrorReportValve.invoke(ErrorReportValve.java:108)
	at org.apache.catalina.valves.AccessLogValve.invoke(AccessLogValve.java:556)
	at org.apache.catalina.core.StandardEngineValve.invoke(StandardEngineValve.java:118)
	at org.apache.catalina.connector.CoyoteAdapter.service(CoyoteAdapter.java:402)
	at org.apache.coyote.http11.Http11Processor.process(Http11Processor.java:249)
	at org.apache.coyote.http11.Http11Protocol$Http11ConnectionHandler.process(Http11Protocol.java:267)
	at org.apache.coyote.http11.Http11Protocol$Http11ConnectionHandler.process(Http11Protocol.java:245)
	at org.apache.tomcat.util.net.JIoEndpoint$SocketProcessor.run(JIoEndpoint.java:260)
	at java.util.concurrent.ThreadPoolExecutor$Worker.runTask(ThreadPoolExecutor.java:886)
	at java.util.concurrent.ThreadPoolExecutor$Worker.run(ThreadPoolExecutor.java:908)
	at java.lang.Thread.run(Thread.java:619)
