2012-06-24 16:34:30,125 WARN  [http-8080-exec-3] org.jboss.resteasy.core.SynchronousDispatcher - Failed executing GET /facsimiles
org.jboss.resteasy.core.NoMessageBodyWriterFoundFailure: Could not find MessageBodyWriter for response object of type: java.util.ArrayList of media type: application/json
	at org.jboss.resteasy.core.ServerResponse.writeTo(ServerResponse.java:216)
	at org.jboss.resteasy.core.SynchronousDispatcher.writeJaxrsResponse(SynchronousDispatcher.java:585)
	at org.jboss.resteasy.core.SynchronousDispatcher.invoke(SynchronousDispatcher.java:506)
	at org.jboss.resteasy.core.SynchronousDispatcher.invoke(SynchronousDispatcher.java:119)
	at org.jboss.resteasy.plugins.server.servlet.ServletContainerDispatcher.service(ServletContainerDispatcher.java:208)
	at org.jboss.resteasy.plugins.server.servlet.HttpServletDispatcher.service(HttpServletDispatcher.java:55)
	at org.jboss.resteasy.plugins.server.servlet.HttpServletDispatcher.service(HttpServletDispatcher.java:50)
	at javax.servlet.http.HttpServlet.service(HttpServlet.java:722)
	at org.apache.catalina.core.ApplicationFilterChain.internalDoFilter(ApplicationFilterChain.java:303)
	at org.apache.catalina.core.ApplicationFilterChain.doFilter(ApplicationFilterChain.java:208)
	at org.apache.catalina.core.StandardWrapperValve.invoke(StandardWrapperValve.java:243)
	at org.apache.catalina.core.StandardContextValve.invoke(StandardContextValve.java:201)
	at org.apache.catalina.core.StandardHostValve.invoke(StandardHostValve.java:163)
	at org.apache.catalina.valves.ErrorReportValve.invoke(ErrorReportValve.java:108)
	at org.apache.catalina.valves.AccessLogValve.invoke(AccessLogValve.java:556)
	at org.apache.catalina.core.StandardEngineValve.invoke(StandardEngineValve.java:118)
	at org.apache.catalina.connector.CoyoteAdapter.service(CoyoteAdapter.java:402)
	at org.apache.coyote.http11.Http11Processor.process(Http11Processor.java:249)
	at org.apache.coyote.http11.Http11Protocol$Http11ConnectionHandler.process(Http11Protocol.java:267)
	at org.apache.coyote.http11.Http11Protocol$Http11ConnectionHandler.process(Http11Protocol.java:245)
	at org.apache.tomcat.util.net.JIoEndpoint$SocketProcessor.run(JIoEndpoint.java:260)
	at java.util.concurrent.ThreadPoolExecutor$Worker.runTask(ThreadPoolExecutor.java:886)
	at java.util.concurrent.ThreadPoolExecutor$Worker.run(ThreadPoolExecutor.java:908)
	at java.lang.Thread.run(Thread.java:619)
2012-07-04 12:45:08,149 WARN  [http-8080-exec-7] org.jboss.resteasy.core.SynchronousDispatcher - Failed executing POST /facsimiles
org.jboss.resteasy.spi.UnsupportedMediaTypeException: Cannot consume content type
	at org.jboss.resteasy.core.registry.Segment.match(Segment.java:117)
	at org.jboss.resteasy.core.registry.SimpleSegment.matchSimple(SimpleSegment.java:33)
	at org.jboss.resteasy.core.registry.RootSegment.matchChildren(RootSegment.java:327)
	at org.jboss.resteasy.core.registry.RootSegment.matchRoot(RootSegment.java:374)
	at org.jboss.resteasy.core.registry.RootSegment.matchRoot(RootSegment.java:367)
	at org.jboss.resteasy.core.ResourceMethodRegistry.getResourceInvoker(ResourceMethodRegistry.java:307)
	at org.jboss.resteasy.core.SynchronousDispatcher.getInvoker(SynchronousDispatcher.java:173)
	at org.jboss.resteasy.core.SynchronousDispatcher.invoke(SynchronousDispatcher.java:118)
	at org.jboss.resteasy.plugins.server.servlet.ServletContainerDispatcher.service(ServletContainerDispatcher.java:208)
	at org.jboss.resteasy.plugins.server.servlet.HttpServletDispatcher.service(HttpServletDispatcher.java:55)
	at org.jboss.resteasy.plugins.server.servlet.HttpServletDispatcher.service(HttpServletDispatcher.java:50)
	at javax.servlet.http.HttpServlet.service(HttpServlet.java:722)
	at org.apache.catalina.core.ApplicationFilterChain.internalDoFilter(ApplicationFilterChain.java:303)
	at org.apache.catalina.core.ApplicationFilterChain.doFilter(ApplicationFilterChain.java:208)
	at org.apache.catalina.core.StandardWrapperValve.invoke(StandardWrapperValve.java:243)
	at org.apache.catalina.core.StandardContextValve.invoke(StandardContextValve.java:201)
	at org.apache.catalina.core.StandardHostValve.invoke(StandardHostValve.java:163)
	at org.apache.catalina.valves.ErrorReportValve.invoke(ErrorReportValve.java:108)
	at org.apache.catalina.valves.AccessLogValve.invoke(AccessLogValve.java:556)
	at org.apache.catalina.core.StandardEngineValve.invoke(StandardEngineValve.java:118)
	at org.apache.catalina.connector.CoyoteAdapter.service(CoyoteAdapter.java:402)
	at org.apache.coyote.http11.Http11Processor.process(Http11Processor.java:249)
	at org.apache.coyote.http11.Http11Protocol$Http11ConnectionHandler.process(Http11Protocol.java:267)
	at org.apache.coyote.http11.Http11Protocol$Http11ConnectionHandler.process(Http11Protocol.java:245)
	at org.apache.tomcat.util.net.JIoEndpoint$SocketProcessor.run(JIoEndpoint.java:260)
	at java.util.concurrent.ThreadPoolExecutor$Worker.runTask(ThreadPoolExecutor.java:886)
	at java.util.concurrent.ThreadPoolExecutor$Worker.run(ThreadPoolExecutor.java:908)
	at java.lang.Thread.run(Thread.java:619)
2012-07-11 20:07:31,941 WARN  [http-8080-exec-2] org.jboss.resteasy.core.SynchronousDispatcher - failed to execute
javax.ws.rs.WebApplicationException
	at org.idch.afed.rest.resources.FacsimileResource.getAsJSON(FacsimileResource.java:70)
	at sun.reflect.NativeMethodAccessorImpl.invoke0(Native Method)
	at sun.reflect.NativeMethodAccessorImpl.invoke(NativeMethodAccessorImpl.java:39)
	at sun.reflect.DelegatingMethodAccessorImpl.invoke(DelegatingMethodAccessorImpl.java:25)
	at java.lang.reflect.Method.invoke(Method.java:597)
	at org.jboss.resteasy.core.MethodInjectorImpl.invoke(MethodInjectorImpl.java:155)
	at org.jboss.resteasy.core.ResourceMethod.invokeOnTarget(ResourceMethod.java:257)
	at org.jboss.resteasy.core.ResourceMethod.invoke(ResourceMethod.java:222)
	at org.jboss.resteasy.core.ResourceMethod.invoke(ResourceMethod.java:211)
	at org.jboss.resteasy.core.SynchronousDispatcher.getResponse(SynchronousDispatcher.java:525)
	at org.jboss.resteasy.core.SynchronousDispatcher.invoke(SynchronousDispatcher.java:502)
	at org.jboss.resteasy.core.SynchronousDispatcher.invoke(SynchronousDispatcher.java:119)
	at org.jboss.resteasy.plugins.server.servlet.ServletContainerDispatcher.service(ServletContainerDispatcher.java:208)
	at org.jboss.resteasy.plugins.server.servlet.HttpServletDispatcher.service(HttpServletDispatcher.java:55)
	at org.jboss.resteasy.plugins.server.servlet.HttpServletDispatcher.service(HttpServletDispatcher.java:50)
	at javax.servlet.http.HttpServlet.service(HttpServlet.java:722)
	at org.apache.catalina.core.ApplicationFilterChain.internalDoFilter(ApplicationFilterChain.java:303)
	at org.apache.catalina.core.ApplicationFilterChain.doFilter(ApplicationFilterChain.java:208)
	at org.apache.catalina.core.StandardWrapperValve.invoke(StandardWrapperValve.java:243)
	at org.apache.catalina.core.StandardContextValve.invoke(StandardContextValve.java:201)
	at org.apache.catalina.core.StandardHostValve.invoke(StandardHostValve.java:163)
	at org.apache.catalina.valves.ErrorReportValve.invoke(ErrorReportValve.java:108)
	at org.apache.catalina.valves.AccessLogValve.invoke(AccessLogValve.java:556)
	at org.apache.catalina.core.StandardEngineValve.invoke(StandardEngineValve.java:118)
	at org.apache.catalina.connector.CoyoteAdapter.service(CoyoteAdapter.java:402)
	at org.apache.coyote.http11.Http11Processor.process(Http11Processor.java:249)
	at org.apache.coyote.http11.Http11Protocol$Http11ConnectionHandler.process(Http11Protocol.java:267)
	at org.apache.coyote.http11.Http11Protocol$Http11ConnectionHandler.process(Http11Protocol.java:245)
	at org.apache.tomcat.util.net.JIoEndpoint$SocketProcessor.run(JIoEndpoint.java:260)
	at java.util.concurrent.ThreadPoolExecutor$Worker.runTask(ThreadPoolExecutor.java:886)
	at java.util.concurrent.ThreadPoolExecutor$Worker.run(ThreadPoolExecutor.java:908)
	at java.lang.Thread.run(Thread.java:619)
2012-07-16 19:40:26,798 WARN  [http-8080-exec-2] org.jboss.resteasy.core.SynchronousDispatcher - failed to execute
javax.ws.rs.WebApplicationException: org.codehaus.jackson.map.exc.UnrecognizedPropertyException: Unrecognized field "date" (Class org.idch.afed.rest.resources.FacsimileJSON), not marked as ignorable
 at [Source: org.apache.catalina.connector.CoyoteInputStream@3f9302fb; line: 1, column: 58] (through reference chain: org.idch.afed.rest.resources.FacsimileJSON["date"])
	at org.idch.afed.rest.resources.FacsimileJSON.create(FacsimileJSON.java:69)
	at org.idch.afed.rest.resources.FacsimileResource.createFromJSON(FacsimileResource.java:62)
	at sun.reflect.NativeMethodAccessorImpl.invoke0(Native Method)
	at sun.reflect.NativeMethodAccessorImpl.invoke(NativeMethodAccessorImpl.java:39)
	at sun.reflect.DelegatingMethodAccessorImpl.invoke(DelegatingMethodAccessorImpl.java:25)
	at java.lang.reflect.Method.invoke(Method.java:597)
	at org.jboss.resteasy.core.MethodInjectorImpl.invoke(MethodInjectorImpl.java:155)
	at org.jboss.resteasy.core.ResourceMethod.invokeOnTarget(ResourceMethod.java:257)
	at org.jboss.resteasy.core.ResourceMethod.invoke(ResourceMethod.java:222)
	at org.jboss.resteasy.core.ResourceMethod.invoke(ResourceMethod.java:211)
	at org.jboss.resteasy.core.SynchronousDispatcher.getResponse(SynchronousDispatcher.java:525)
	at org.jboss.resteasy.core.SynchronousDispatcher.invoke(SynchronousDispatcher.java:502)
	at org.jboss.resteasy.core.SynchronousDispatcher.invoke(SynchronousDispatcher.java:119)
	at org.jboss.resteasy.plugins.server.servlet.ServletContainerDispatcher.service(ServletContainerDispatcher.java:208)
	at org.jboss.resteasy.plugins.server.servlet.HttpServletDispatcher.service(HttpServletDispatcher.java:55)
	at org.jboss.resteasy.plugins.server.servlet.HttpServletDispatcher.service(HttpServletDispatcher.java:50)
	at javax.servlet.http.HttpServlet.service(HttpServlet.java:722)
	at org.apache.catalina.core.ApplicationFilterChain.internalDoFilter(ApplicationFilterChain.java:303)
	at org.apache.catalina.core.ApplicationFilterChain.doFilter(ApplicationFilterChain.java:208)
	at org.apache.catalina.core.StandardWrapperValve.invoke(StandardWrapperValve.java:243)
	at org.apache.catalina.core.StandardContextValve.invoke(StandardContextValve.java:201)
	at org.apache.catalina.core.StandardHostValve.invoke(StandardHostValve.java:163)
	at org.apache.catalina.valves.ErrorReportValve.invoke(ErrorReportValve.java:108)
	at org.apache.catalina.valves.AccessLogValve.invoke(AccessLogValve.java:556)
	at org.apache.catalina.core.StandardEngineValve.invoke(StandardEngineValve.java:118)
	at org.apache.catalina.connector.CoyoteAdapter.service(CoyoteAdapter.java:402)
	at org.apache.coyote.http11.Http11Processor.process(Http11Processor.java:249)
	at org.apache.coyote.http11.Http11Protocol$Http11ConnectionHandler.process(Http11Protocol.java:267)
	at org.apache.coyote.http11.Http11Protocol$Http11ConnectionHandler.process(Http11Protocol.java:245)
	at org.apache.tomcat.util.net.JIoEndpoint$SocketProcessor.run(JIoEndpoint.java:260)
	at java.util.concurrent.ThreadPoolExecutor$Worker.runTask(ThreadPoolExecutor.java:886)
	at java.util.concurrent.ThreadPoolExecutor$Worker.run(ThreadPoolExecutor.java:908)
	at java.lang.Thread.run(Thread.java:619)
Caused by: org.codehaus.jackson.map.exc.UnrecognizedPropertyException: Unrecognized field "date" (Class org.idch.afed.rest.resources.FacsimileJSON), not marked as ignorable
 at [Source: org.apache.catalina.connector.CoyoteInputStream@3f9302fb; line: 1, column: 58] (through reference chain: org.idch.afed.rest.resources.FacsimileJSON["date"])
	at org.codehaus.jackson.map.exc.UnrecognizedPropertyException.from(UnrecognizedPropertyException.java:53)
	at org.codehaus.jackson.map.deser.StdDeserializationContext.unknownFieldException(StdDeserializationContext.java:267)
	at org.codehaus.jackson.map.deser.std.StdDeserializer.reportUnknownProperty(StdDeserializer.java:672)
	at org.codehaus.jackson.map.deser.std.StdDeserializer.handleUnknownProperty(StdDeserializer.java:658)
	at org.codehaus.jackson.map.deser.BeanDeserializer.handleUnknownProperty(BeanDeserializer.java:1361)
	at org.codehaus.jackson.map.deser.BeanDeserializer._handleUnknown(BeanDeserializer.java:725)
	at org.codehaus.jackson.map.deser.BeanDeserializer.deserializeFromObject(BeanDeserializer.java:703)
	at org.codehaus.jackson.map.deser.BeanDeserializer.deserialize(BeanDeserializer.java:580)
	at org.codehaus.jackson.map.ObjectMapper._readMapAndClose(ObjectMapper.java:2732)
	at org.codehaus.jackson.map.ObjectMapper.readValue(ObjectMapper.java:1909)
	at org.idch.afed.rest.resources.FacsimileJSON.create(FacsimileJSON.java:60)
	... 32 more
